#
# There is insufficient memory for the Java Runtime Environment to continue.
# Native memory allocation (mmap) failed to map 264241152 bytes for G1 virtual space
# Possible reasons:
#   The system is out of physical RAM or swap space
#   The process is running with CompressedOops enabled, and the Java Heap may be blocking the growth of the native heap
# Possible solutions:
#   Reduce memory load on the system
#   Increase physical memory or swap space
#   Check if swap backing store is full
#   Decrease Java heap size (-Xmx/-Xms)
#   Decrease number of Java threads
#   Decrease Java thread stack sizes (-Xss)
#   Set larger code cache with -XX:ReservedCodeCacheSize=
#   JVM is running with Zero Based Compressed Oops mode in which the Java heap is
#     placed in the first 32GB address space. The Java Heap base address is the
#     maximum limit for the native heap growth. Please use -XX:HeapBaseMinAddress
#     to set the Java Heap base and to place the Java Heap above 32GB virtual address.
# This output file may be truncated or incomplete.
#
#  Out of Memory Error (os_windows.cpp:3469), pid=46084, tid=51964
#
# JRE version:  (17.0+35) (build )
# Java VM: Java HotSpot(TM) 64-Bit Server VM (17+35-LTS-2724, mixed mode, sharing, tiered, compressed oops, compressed class ptrs, g1 gc, windows-amd64)
# No core dump will be written. Minidumps are not enabled by default on client versions of Windows
#

---------------  S U M M A R Y ------------

Command Line: -Dfile.encoding=UTF-8 -Dstdout.encoding=UTF-8 -Dstderr.encoding=UTF-8 -XX:+ShowCodeDetailsInExceptionMessages sel.Tc11

Host: 11th Gen Intel(R) Core(TM) i7-1165G7 @ 2.80GHz, 8 cores, 15G,  Windows 10 , 64 bit Build 22621 (10.0.22621.2506)
Time: Sat Nov 25 14:57:32 2023 Central Standard Time elapsed time: 0.007665 seconds (0d 0h 0m 0s)

---------------  T H R E A D  ---------------

Current thread (0x000002d2756808f0):  JavaThread "Unknown thread" [_thread_in_vm, id=51964, stack(0x000000f73e300000,0x000000f73e400000)]

Stack: [0x000000f73e300000,0x000000f73e400000]
Native frames: (J=compiled Java code, j=interpreted, Vv=VM code, C=native code)
V  [jvm.dll+0x66f8ea]
V  [jvm.dll+0x7ce224]
V  [jvm.dll+0x7cf9ce]
V  [jvm.dll+0x7d0033]
V  [jvm.dll+0x242bb5]
V  [jvm.dll+0x66c909]
V  [jvm.dll+0x6613d2]
V  [jvm.dll+0x30082b]
V  [jvm.dll+0x307db6]
V  [jvm.dll+0x357a0e]
V  [jvm.dll+0x357c3f]
V  [jvm.dll+0x2d7ae8]
V  [jvm.dll+0x2d8a54]
V  [jvm.dll+0x7a00a1]
V  [jvm.dll+0x365781]
V  [jvm.dll+0x77f59c]
V  [jvm.dll+0x3e805f]
V  [jvm.dll+0x3e9b01]
C  [jli.dll+0x527b]
C  [ucrtbase.dll+0x29363]
C  [KERNEL32.DLL+0x1257d]
C  [ntdll.dll+0x5aa58]


---------------  P R O C E S S  ---------------

Threads class SMR info:
_java_thread_list=0x00007ffea1c37818, length=0, elements={
}

Java Threads: ( => current thread )

Other Threads:
  0x000002d2756d1270 GCTaskThread "GC Thread#0" [stack: 0x000000f73e400000,0x000000f73e500000] [id=51948]
  0x000002d2756e1db0 ConcurrentGCThread "G1 Main Marker" [stack: 0x000000f73e500000,0x000000f73e600000] [id=51980]
  0x000002d2756e2f60 ConcurrentGCThread "G1 Conc#0" [stack: 0x000000f73e600000,0x000000f73e700000] [id=51976]

[error occurred during error reporting (printing all threads), id 0xc0000005, EXCEPTION_ACCESS_VIOLATION (0xc0000005) at pc=0x00007ffea14884c7]

VM state: not at safepoint (not fully initialized)

VM Mutex/Monitor currently owned by a thread:  ([mutex/lock_event])
[0x000002d27567c460] Heap_lock - owner thread: 0x000002d2756808f0

Heap address: 0x0000000704000000, size: 4032 MB, Compressed Oops mode: Zero based, Oop shift amount: 3

CDS archive(s) mapped at: [0x0000000000000000-0x0000000000000000-0x0000000000000000), size 0, SharedBaseAddress: 0x0000000800000000, ArchiveRelocationMode: 0.
Narrow klass base: 0x0000000000000000, Narrow klass shift: 0, Narrow klass range: 0x0

GC Precious Log:
<Empty>

Heap:
 garbage-first heap   total 0K, used 0K [0x0000000704000000, 0x0000000800000000)
  region size 2048K, 0 young (0K), 0 survivors (0K)

[error occurred during error reporting (printing heap information), id 0xc0000005, EXCEPTION_ACCESS_VIOLATION (0xc0000005) at pc=0x00007ffea1868c59]

GC Heap History (0 events):
No events

Deoptimization events (0 events):
No events

Classes unloaded (0 events):
No events

Classes redefined (0 events):
No events

Internal exceptions (0 events):
No events

VM Operations (0 events):
No events

Events (1 events):
Event: 0.005 Loaded shared library C:\Program Files\Java\jdk-17\bin\java.dll


Dynamic libraries:
0x00007ff6a6a60000 - 0x00007ff6a6a70000 	C:\Program Files\Java\jdk-17\bin\javaw.exe
0x00007ffef2490000 - 0x00007ffef26a7000 	C:\WINDOWS\SYSTEM32\ntdll.dll
0x00007ffef0960000 - 0x00007ffef0a24000 	C:\WINDOWS\System32\KERNEL32.DLL
0x00007ffeefdc0000 - 0x00007ffef0165000 	C:\WINDOWS\System32\KERNELBASE.dll
0x00007ffeefca0000 - 0x00007ffeefdb1000 	C:\WINDOWS\System32\ucrtbase.dll
0x00007ffee4b00000 - 0x00007ffee4b1a000 	C:\Program Files\Java\jdk-17\bin\VCRUNTIME140.dll
0x00007ffeea9b0000 - 0x00007ffeea9c8000 	C:\Program Files\Java\jdk-17\bin\jli.dll
0x00007ffef0850000 - 0x00007ffef0901000 	C:\WINDOWS\System32\ADVAPI32.dll
0x00007ffef1cc0000 - 0x00007ffef1d67000 	C:\WINDOWS\System32\msvcrt.dll
0x00007ffef1c10000 - 0x00007ffef1cb6000 	C:\WINDOWS\System32\sechost.dll
0x00007ffef1670000 - 0x00007ffef1787000 	C:\WINDOWS\System32\RPCRT4.dll
0x00007ffef22a0000 - 0x00007ffef244e000 	C:\WINDOWS\System32\USER32.dll
0x00007ffeefc70000 - 0x00007ffeefc96000 	C:\WINDOWS\System32\win32u.dll
0x00007ffed03e0000 - 0x00007ffed0673000 	C:\WINDOWS\WinSxS\amd64_microsoft.windows.common-controls_6595b64144ccf1df_6.0.22621.2506_none_270c5ae97388e100\COMCTL32.dll
0x00007ffef0420000 - 0x00007ffef0449000 	C:\WINDOWS\System32\GDI32.dll
0x00007ffeef920000 - 0x00007ffeefa39000 	C:\WINDOWS\System32\gdi32full.dll
0x00007ffeef800000 - 0x00007ffeef89a000 	C:\WINDOWS\System32\msvcp_win.dll
0x00007ffee65e0000 - 0x00007ffee65ea000 	C:\WINDOWS\SYSTEM32\VERSION.dll
0x00007ffef0810000 - 0x00007ffef0841000 	C:\WINDOWS\System32\IMM32.DLL
0x00007ffeea990000 - 0x00007ffeea99c000 	C:\Program Files\Java\jdk-17\bin\vcruntime140_1.dll
0x00007ffeae790000 - 0x00007ffeae81d000 	C:\Program Files\Java\jdk-17\bin\msvcp140.dll
0x00007ffea11a0000 - 0x00007ffea1d5e000 	C:\Program Files\Java\jdk-17\bin\server\jvm.dll
0x00007ffef1560000 - 0x00007ffef1568000 	C:\WINDOWS\System32\PSAPI.DLL
0x00007ffecf9e0000 - 0x00007ffecf9e9000 	C:\WINDOWS\SYSTEM32\WSOCK32.dll
0x00007ffee5140000 - 0x00007ffee5174000 	C:\WINDOWS\SYSTEM32\WINMM.dll
0x00007ffef0450000 - 0x00007ffef04c1000 	C:\WINDOWS\System32\WS2_32.dll
0x00007ffeee760000 - 0x00007ffeee778000 	C:\WINDOWS\SYSTEM32\kernel.appcore.dll
0x00007ffee9700000 - 0x00007ffee970a000 	C:\Program Files\Java\jdk-17\bin\jimage.dll
0x00007ffeed0a0000 - 0x00007ffeed2d3000 	C:\WINDOWS\SYSTEM32\DBGHELP.DLL
0x00007ffef1d70000 - 0x00007ffef20f9000 	C:\WINDOWS\System32\combase.dll
0x00007ffef1480000 - 0x00007ffef1557000 	C:\WINDOWS\System32\OLEAUT32.dll
0x00007ffed03a0000 - 0x00007ffed03d2000 	C:\WINDOWS\SYSTEM32\dbgcore.DLL
0x00007ffeef8a0000 - 0x00007ffeef91a000 	C:\WINDOWS\System32\bcryptPrimitives.dll
0x00007ffee4820000 - 0x00007ffee4845000 	C:\Program Files\Java\jdk-17\bin\java.dll

dbghelp: loaded successfully - version: 4.0.5 - missing functions: none
symbol engine: initialized successfully - sym options: 0x614 - pdb path: .;C:\Program Files\Java\jdk-17\bin;C:\WINDOWS\SYSTEM32;C:\WINDOWS\WinSxS\amd64_microsoft.windows.common-controls_6595b64144ccf1df_6.0.22621.2506_none_270c5ae97388e100;C:\Program Files\Java\jdk-17\bin\server

VM Arguments:
jvm_args: -Dfile.encoding=UTF-8 -Dstdout.encoding=UTF-8 -Dstderr.encoding=UTF-8 -XX:+ShowCodeDetailsInExceptionMessages 
java_command: sel.Tc11
java_class_path (initial): C:\myJava\my15Tests\bin;C:\Driver\Selenium\selenium-api-4.15.0.jar;C:\Driver\Selenium\selenium-api-4.15.0-sources.jar;C:\Driver\Selenium\selenium-chrome-driver-4.15.0.jar;C:\Driver\Selenium\selenium-chrome-driver-4.15.0-sources.jar;C:\Driver\Selenium\selenium-chromium-driver-4.15.0.jar;C:\Driver\Selenium\selenium-chromium-driver-4.15.0-sources.jar;C:\Driver\Selenium\selenium-devtools-v85-4.15.0.jar;C:\Driver\Selenium\selenium-devtools-v85-4.15.0-sources.jar;C:\Driver\Selenium\selenium-devtools-v117-4.15.0.jar;C:\Driver\Selenium\selenium-devtools-v117-4.15.0-sources.jar;C:\Driver\Selenium\selenium-devtools-v118-4.15.0.jar;C:\Driver\Selenium\selenium-devtools-v118-4.15.0-sources.jar;C:\Driver\Selenium\selenium-devtools-v119-4.15.0.jar;C:\Driver\Selenium\selenium-devtools-v119-4.15.0-sources.jar;C:\Driver\Selenium\selenium-edge-driver-4.15.0.jar;C:\Driver\Selenium\selenium-edge-driver-4.15.0-sources.jar;C:\Driver\Selenium\selenium-firefox-driver-4.15.0.jar;C:\Driver\Selenium\selenium-firefox-driver-4.15.0-sources.jar;C:\Driver\Selenium\selenium-http-4.15.0.jar;C:\Driver\Selenium\selenium-http-4.15.0-sources.jar;C:\Driver\Selenium\selenium-ie-driver-4.15.0.jar;C:\Driver\Selenium\selenium-ie-driver-4.15.0-sources.jar;C:\Driver\Selenium\selenium-java-4.15.0.jar;C:\Driver\Selenium\selenium-java-4.15.0-sources.jar;C:\Driver\Selenium\selenium-json-4.15.0.jar;C:\Driver\Selenium\selenium-json-4.15.0-sources.jar;C:\Driver\Selenium\selenium-manager-4.15.0.jar;C:\Driver\Selenium\selenium-manager-4.15.0-sources.jar;C:\Driver\Selenium\selenium-os-4.15.0.jar;C:\Driver\Selenium\selenium-os-4.15.0-sources.jar;C:\Driver\Selenium\selenium-remote-driver-4.15.0.jar;C:\Driver\Selenium\selenium-remote-driver-4.15.0-sources.jar;C:\Driver\Selenium\selenium-safari-driver-4.15.0.jar;C:\Driver\Selenium\selenium-safari-driver-4.15.0-sources.jar;C:\Driver\Selenium\selenium-support-4.15.0.jar;C:\Driver\Selenium\selenium-support-4.15.0-sources.jar;C:\Driver\Selenium\lib\
Launcher Type: SUN_STANDARD

[Global flags]
     intx CICompilerCount                          = 4                                         {product} {ergonomic}
     uint ConcGCThreads                            = 2                                         {product} {ergonomic}
     uint G1ConcRefinementThreads                  = 8                                         {product} {ergonomic}
   size_t G1HeapRegionSize                         = 2097152                                   {product} {ergonomic}
    uintx GCDrainStackTargetSize                   = 64                                        {product} {ergonomic}
   size_t InitialHeapSize                          = 264241152                                 {product} {ergonomic}
   size_t MarkStackSize                            = 4194304                                   {product} {ergonomic}
   size_t MaxHeapSize                              = 4227858432                                {product} {ergonomic}
   size_t MinHeapDeltaBytes                        = 2097152                                   {product} {ergonomic}
   size_t MinHeapSize                              = 8388608                                   {product} {ergonomic}
    uintx NonNMethodCodeHeapSize                   = 5839372                                {pd product} {ergonomic}
    uintx NonProfiledCodeHeapSize                  = 122909434                              {pd product} {ergonomic}
    uintx ProfiledCodeHeapSize                     = 122909434                              {pd product} {ergonomic}
    uintx ReservedCodeCacheSize                    = 251658240                              {pd product} {ergonomic}
     bool SegmentedCodeCache                       = true                                      {product} {ergonomic}
     bool ShowCodeDetailsInExceptionMessages       = true                                   {manageable} {command line}
   size_t SoftMaxHeapSize                          = 4227858432                             {manageable} {ergonomic}
     bool UseCompressedClassPointers               = true                           {product lp64_product} {ergonomic}
     bool UseCompressedOops                        = true                           {product lp64_product} {ergonomic}
     bool UseG1GC                                  = true                                      {product} {ergonomic}
     bool UseLargePagesIndividualAllocation        = false                                  {pd product} {ergonomic}

Logging:
Log output configuration:
 #0: stdout all=warning uptime,level,tags
 #1: stderr all=off uptime,level,tags

Environment Variables:
JAVA_HOME=C:\Program Files\Java\jdk-17
PATH=C:/Users/Learner_9ZH3Z102/Downloads/eclipse-java-2023-06-R-win32-x86_64/eclipse//plugins/org.eclipse.justj.openjdk.hotspot.jre.full.win32.x86_64_17.0.9.v20231028-0858/jre/bin/server;C:/Users/Learner_9ZH3Z102/Downloads/eclipse-java-2023-06-R-win32-x86_64/eclipse//plugins/org.eclipse.justj.openjdk.hotspot.jre.full.win32.x86_64_17.0.9.v20231028-0858/jre/bin;C:\Program Files\Java\jdk-17\bin;C:\Program Files\MySQL\MySQL Shell 8.0\bin\;C:\Users\Learner_9ZH3Z102\AppData\Local\Microsoft\WindowsApps;C:\Users\Learner_9ZH3Z102\AppData\Local\GitHubDesktop\bin;C:\Program Files (x86)\Brackets\;C:\Users\Learner_9ZH3Z102\AppData\Roaming\npm;C:\Users\Learner_9ZH3Z102\AppData\Local\Programs\Microsoft VS Code\bin;C:\Users\Learner_9ZH3Z102\Downloads\eclipse-java-2023-06-R-win32-x86_64\eclipse;
USERNAME=Learner_9ZH3Z102
OS=Windows_NT
PROCESSOR_IDENTIFIER=Intel64 Family 6 Model 140 Stepping 1, GenuineIntel



---------------  S Y S T E M  ---------------

OS:
 Windows 10 , 64 bit Build 22621 (10.0.22621.2506)
OS uptime: 3 days 9:06 hours
Hyper-V role detected

CPU: total 8 (initial active 8) (4 cores per cpu, 2 threads per core) family 6 model 140 stepping 1 microcode 0xac, cx8, cmov, fxsr, ht, mmx, 3dnowpref, sse, sse2, sse3, ssse3, sse4.1, sse4.2, popcnt, lzcnt, tsc, tscinvbit, avx, avx2, aes, erms, clmul, bmi1, bmi2, adx, avx512f, avx512dq, avx512cd, avx512bw, avx512vl, sha, fma, vzeroupper, avx512_vpopcntdq, avx512_vpclmulqdq, avx512_vaes, avx512_vnni, clflush, clflushopt, clwb, avx512_vbmi2, avx512_vbmi, hv

Memory: 4k page, system-wide physical 16124M (450M free)
TotalPageFile size 46538M (AvailPageFile size 96M)
current process WorkingSet (physical memory assigned to process): 11M, peak: 11M
current process commit charge ("private bytes"): 60M, peak: 312M

vm_info: Java HotSpot(TM) 64-Bit Server VM (17+35-LTS-2724) for windows-amd64 JRE (17+35-LTS-2724), built on Aug  5 2021 23:28:28 by "mach5one" with MS VC++ 16.8 (VS2019)

END.
